2017-11-10 18:06:32 INFO  TestBase:114 - loading config.properties
2017-11-10 18:06:32 INFO  TestBase:119 - loading or.properties
2017-11-10 18:06:32 INFO  TestBase:124 - loading homepage.properties
2017-11-10 18:06:37 INFO  WaitHelper:33 - 20
2017-11-10 18:06:37 INFO  WaitHelper:38 - 240aaaaz
2017-11-10 18:06:37 INFO  LoginTest:22 - com.hybridFramework.loginPage.LoginTest started
2017-11-10 18:06:56 INFO  WaitHelper:62 - element found...Sign in
2017-11-10 18:06:56 INFO  LoginPage:57 - clicked on sign in link...
2017-11-10 18:07:02 INFO  LoginPage:62 - entering email address....learnbybhanu@gmail.com
2017-11-10 18:07:04 INFO  LoginPage:67 - entering password....welcome
2017-11-10 18:07:05 INFO  LoginPage:72 - clicking on submit button...
2017-11-10 18:07:05 INFO  JavaScriptHelper:27 - window.scrollTo(0, document.body.scrollHeight)
2017-11-10 18:07:07 INFO  WaitHelper:62 - element found...WOMEN
2017-11-10 18:07:27 INFO  GenericHelper:60 - org.openqa.selenium.NoSuchElementException: no such element: Unable to locate element: {"method":"xpath","selector":"//*[@id='center_column']/p"}
  (Session info: chrome=62.0.3202.89)
  (Driver info: chromedriver=2.33.506120 (e3e53437346286c0bc2d2dc9aa4915ba81d9023f),platform=Windows NT 10.0.15063 x86_64) (WARNING: The server did not provide any stacktrace information)
Command duration or timeout: 0 milliseconds
For documentation on this error, please visit: http://seleniumhq.org/exceptions/no_such_element.html
Build info: version: '3.6.0', revision: '6fbf3ec767', time: '2017-09-27T15:28:36.4Z'
System info: host: 'USER-PC', ip: '192.168.146.1', os.name: 'Windows 10', os.arch: 'amd64', os.version: '10.0', java.version: '1.8.0_151'
Driver info: org.openqa.selenium.chrome.ChromeDriver
Capabilities [{mobileEmulationEnabled=false, hasTouchScreen=false, platform=XP, acceptSslCerts=true, webStorageEnabled=true, browserName=chrome, takesScreenshot=true, javascriptEnabled=true, platformName=XP, setWindowRect=true, unexpectedAlertBehaviour=, applicationCacheEnabled=false, rotatable=false, networkConnectionEnabled=false, chrome={chromedriverVersion=2.33.506120 (e3e53437346286c0bc2d2dc9aa4915ba81d9023f), userDataDir=C:\Users\user\AppData\Local\Temp\scoped_dir7732_28991}, takesHeapSnapshot=true, pageLoadStrategy=normal, unhandledPromptBehavior=, databaseEnabled=false, handlesAlerts=true, version=62.0.3202.89, browserConnectionEnabled=false, nativeEvents=true, locationContextEnabled=true, cssSelectorsEnabled=true}]
Session ID: d52475d6d006e2453935cb0bca5ccb4d
*** Element info: {Using=xpath, value=//*[@id='center_column']/p}
